Línea 15: la clase CRVIEWER9LibCtl.CRViewer9 del control objVer no era una clase de control cargada.
Línea 21: el nombre de la propiedad lastProp de objVer no es válido.
Línea 22: el nombre de la propiedad _cx de objVer no es válido.
Línea 23: el nombre de la propiedad _cy de objVer no es válido.
Línea 24: el nombre de la propiedad DisplayGroupTree de objVer no es válido.
Línea 25: el nombre de la propiedad DisplayToolbar de objVer no es válido.
Línea 26: el nombre de la propiedad EnableGroupTree de objVer no es válido.
Línea 27: el nombre de la propiedad EnableNavigationControls de objVer no es válido.
Línea 28: el nombre de la propiedad EnableStopButton de objVer no es válido.
Línea 29: el nombre de la propiedad EnablePrintButton de objVer no es válido.
Línea 30: el nombre de la propiedad EnableZoomControl de objVer no es válido.
Línea 31: el nombre de la propiedad EnableCloseButton de objVer no es válido.
Línea 32: el nombre de la propiedad EnableProgressControl de objVer no es válido.
Línea 33: el nombre de la propiedad EnableSearchControl de objVer no es válido.
Línea 34: el nombre de la propiedad EnableRefreshButton de objVer no es válido.
Línea 35: el nombre de la propiedad EnableDrillDown de objVer no es válido.
Línea 36: el nombre de la propiedad EnableAnimationControl de objVer no es válido.
Línea 37: el nombre de la propiedad EnableSelectExpertButton de objVer no es válido.
Línea 38: el nombre de la propiedad EnableToolbar de objVer no es válido.
Línea 39: el nombre de la propiedad DisplayBorder de objVer no es válido.
Línea 40: el nombre de la propiedad DisplayTabs de objVer no es válido.
Línea 41: el nombre de la propiedad DisplayBackgroundEdge de objVer no es válido.
Línea 42: el nombre de la propiedad SelectionFormula de objVer no es válido.
Línea 43: el nombre de la propiedad EnablePopupMenu de objVer no es válido.
Línea 44: el nombre de la propiedad EnableExportButton de objVer no es válido.
Línea 45: el nombre de la propiedad EnableSearchExpertButton de objVer no es válido.
Línea 46: el nombre de la propiedad EnableHelpButton de objVer no es válido.
Línea 47: el nombre de la propiedad LaunchHTTPHyperlinksInNewBrowser de objVer no es válido.
